#
# There is insufficient memory for the Java Runtime Environment to continue.
# Native memory allocation (malloc) failed to allocate 1048576 bytes for AllocateHeap
# Possible reasons:
#   The system is out of physical RAM or swap space
#   The process is running with CompressedOops enabled, and the Java Heap may be blocking the growth of the native heap
# Possible solutions:
#   Reduce memory load on the system
#   Increase physical memory or swap space
#   Check if swap backing store is full
#   Decrease Java heap size (-Xmx/-Xms)
#   Decrease number of Java threads
#   Decrease Java thread stack sizes (-Xss)
#   Set larger code cache with -XX:ReservedCodeCacheSize=
#   JVM is running with Unscaled Compressed Oops mode in which the Java heap is
#     placed in the first 4GB address space. The Java Heap base address is the
#     maximum limit for the native heap growth. Please use -XX:HeapBaseMinAddress
#     to set the Java Heap base and to place the Java Heap above 4GB virtual address.
# This output file may be truncated or incomplete.
#
#  Out of Memory Error (memory/allocation.inline.hpp:61), pid=13464, tid=0x00000000000043f4
#
# JRE version:  (8.0_341-b10) (build )
# Java VM: Java HotSpot(TM) 64-Bit Server VM (25.341-b10 mixed mode windows-amd64 compressed oops)
# Failed to write core dump. Minidumps are not enabled by default on client versions of Windows
#

---------------  T H R E A D  ---------------

Current thread (0x000001cba2296000):  JavaThread "Unknown thread" [_thread_in_vm, id=17396, stack(0x0000001b47600000,0x0000001b47700000)]

Stack: [0x0000001b47600000,0x0000001b47700000]
Native frames: (J=compiled Java code, j=interpreted, Vv=VM code, C=native code)
V  [jvm.dll+0x32fa99]


---------------  P R O C E S S  ---------------

Java Threads: ( => current thread )

Other Threads:

=>0x000001cba2296000 (exited) JavaThread "Unknown thread" [_thread_in_vm, id=17396, stack(0x0000001b47600000,0x0000001b47700000)]

VM state:not at safepoint (normal execution)

VM Mutex/Monitor currently owned by a thread: None

heap address: 0x0000000081c00000, size: 2020 MB, Compressed Oops mode: 32-bit
Narrow klass base: 0x0000000000000000, Narrow klass shift: 3
Compressed class space size: 1073741824 Address: 0x0000000100000000

Heap:
 PSYoungGen      total 38400K, used 665K [0x00000000d5f00000, 0x00000000d8980000, 0x0000000100000000)
  eden space 33280K, 2% used [0x00000000d5f00000,0x00000000d5fa6670,0x00000000d7f80000)
  from space 5120K, 0% used [0x00000000d8480000,0x00000000d8480000,0x00000000d8980000)
  to   space 5120K, 0% used [0x00000000d7f80000,0x00000000d7f80000,0x00000000d8480000)
 ParOldGen       total 87552K, used 0K [0x0000000081c00000, 0x0000000087180000, 0x00000000d5f00000)
  object space 87552K, 0% used [0x0000000081c00000,0x0000000081c00000,0x0000000087180000)
 Metaspace       used 754K, capacity 4480K, committed 4480K, reserved 1056768K
  class space    used 76K, capacity 384K, committed 384K, reserved 1048576K

Card table byte_map: [0x000001cbb3070000,0x000001cbb3470000] byte_map_base: 0x000001cbb2c62000

Marking Bits: (ParMarkBitMap*) 0x000000005e139030
 Begin Bits: [0x000001cbb3720000, 0x000001cbb56b0000)
 End Bits:   [0x000001cbb56b0000, 0x000001cbb7640000)

Polling page: 0x000001cba3c80000

CodeCache: size=245760Kb used=329Kb max_used=329Kb free=245430Kb
 bounds [0x000001cba3cb0000, 0x000001cba3f20000, 0x000001cbb2cb0000]
 total_blobs=58 nmethods=0 adapters=38
 compilation: enabled

Compilation events (0 events):
No events

GC Heap History (0 events):
No events

Deoptimization events (0 events):
No events

Classes redefined (0 events):
No events

Internal exceptions (0 events):
No events

Events (10 events):
Event: 0.059 loading class java/lang/Short
Event: 0.059 loading class java/lang/Short done
Event: 0.059 loading class java/lang/Integer
Event: 0.059 loading class java/lang/Integer done
Event: 0.059 loading class java/lang/Long
Event: 0.059 loading class java/lang/Long done
Event: 0.060 loading class java/lang/NullPointerException
Event: 0.060 loading class java/lang/NullPointerException done
Event: 0.060 loading class java/lang/ArithmeticException
Event: 0.060 loading class java/lang/ArithmeticException done


Dynamic libraries:
0x00007ff7f9000000 - 0x00007ff7f9047000 	C:\Program Files\Java\jre1.8.0_341\bin\javaw.exe
0x00007ffe7e060000 - 0x00007ffe7e250000 	C:\WINDOWS\SYSTEM32\ntdll.dll
0x00007ffe7d190000 - 0x00007ffe7d242000 	C:\WINDOWS\System32\KERNEL32.DLL
0x00007ffe7b520000 - 0x00007ffe7b7c5000 	C:\WINDOWS\System32\KERNELBASE.dll
0x00007ffe7dc80000 - 0x00007ffe7dd23000 	C:\WINDOWS\System32\ADVAPI32.dll
0x00007ffe7d5d0000 - 0x00007ffe7d66e000 	C:\WINDOWS\System32\msvcrt.dll
0x00007ffe7d4d0000 - 0x00007ffe7d567000 	C:\WINDOWS\System32\sechost.dll
0x00007ffe7c820000 - 0x00007ffe7c93f000 	C:\WINDOWS\System32\RPCRT4.dll
0x00007ffe7dd30000 - 0x00007ffe7dec4000 	C:\WINDOWS\System32\USER32.dll
0x00007ffe7b8d0000 - 0x00007ffe7b8f1000 	C:\WINDOWS\System32\win32u.dll
0x00007ffe7d700000 - 0x00007ffe7d726000 	C:\WINDOWS\System32\GDI32.dll
0x00007ffe7b120000 - 0x00007ffe7b2b8000 	C:\WINDOWS\System32\gdi32full.dll
0x00007ffe7b480000 - 0x00007ffe7b51e000 	C:\WINDOWS\System32\msvcp_win.dll
0x00007ffe7b020000 - 0x00007ffe7b11a000 	C:\WINDOWS\System32\ucrtbase.dll
0x00007ffe6b040000 - 0x00007ffe6b2c4000 	C:\WINDOWS\WinSxS\amd64_microsoft.windows.common-controls_6595b64144ccf1df_6.0.18362.1556_none_9e7e372fe45e41d5\COMCTL32.dll
0x00007ffe7d8b0000 - 0x00007ffe7dbe6000 	C:\WINDOWS\System32\combase.dll
0x00007ffe7c080000 - 0x00007ffe7c101000 	C:\WINDOWS\System32\bcryptPrimitives.dll
0x00007ffe7d160000 - 0x00007ffe7d18e000 	C:\WINDOWS\System32\IMM32.DLL
0x00007ffe70630000 - 0x00007ffe70645000 	C:\Program Files\Java\jre1.8.0_341\bin\vcruntime140.dll
0x00007ffe3ad40000 - 0x00007ffe3addb000 	C:\Program Files\Java\jre1.8.0_341\bin\msvcp140.dll
0x000000005d950000 - 0x000000005e1b1000 	C:\Program Files\Java\jre1.8.0_341\bin\server\jvm.dll
0x00007ffe7d6f0000 - 0x00007ffe7d6f8000 	C:\WINDOWS\System32\PSAPI.DLL
0x00007ffe6eaa0000 - 0x00007ffe6eaa9000 	C:\WINDOWS\SYSTEM32\WSOCK32.dll
0x00007ffe7d680000 - 0x00007ffe7d6ef000 	C:\WINDOWS\System32\WS2_32.dll
0x00007ffe74bb0000 - 0x00007ffe74bba000 	C:\WINDOWS\SYSTEM32\VERSION.dll
0x00007ffe70bc0000 - 0x00007ffe70be4000 	C:\WINDOWS\SYSTEM32\WINMM.dll
0x00007ffe70b90000 - 0x00007ffe70bbd000 	C:\WINDOWS\SYSTEM32\winmmbase.dll
0x00007ffe7b880000 - 0x00007ffe7b8ca000 	C:\WINDOWS\System32\cfgmgr32.dll
0x00007ffe7af20000 - 0x00007ffe7af31000 	C:\WINDOWS\System32\kernel.appcore.dll
0x00007ffe74210000 - 0x00007ffe74220000 	C:\Program Files\Java\jre1.8.0_341\bin\verify.dll
0x00007ffe660a0000 - 0x00007ffe660cb000 	C:\Program Files\Java\jre1.8.0_341\bin\java.dll
0x00007ffe705a0000 - 0x00007ffe705b8000 	C:\Program Files\Java\jre1.8.0_341\bin\zip.dll

VM Arguments:
jvm_args: -Dfile.encoding=UTF-8 
java_command: 추상클래스인터페이스.인터페이스그래픽
java_class_path (initial): C:\Users\정유진\Desktop\멀티캠퍼스\java-workspace\java09\bin
Launcher Type: SUN_STANDARD

Environment Variables:
PATH=C:/Users/정유진/eclipse_new//plugins/org.eclipse.justj.openjdk.hotspot.jre.full.win32.x86_64_17.0.4.v20220903-1038/jre/bin/server;C:/Users/정유진/eclipse_new//plugins/org.eclipse.justj.openjdk.hotspot.jre.full.win32.x86_64_17.0.4.v20220903-1038/jre/bin;C:\Program Files\Microsoft MPI\Bin\;C:\ProgramData\Oracle\Java\javapath;C:\Program Files (x86)\Intel\iCLS Client\;C:\Program Files\Intel\iCLS Client\;C:\WINDOWS\system32;C:\WINDOWS;C:\WINDOWS\System32\Wbem;C:\WINDOWS\System32\WindowsPowerShell\v1.0\;C:\Program Files (x86)\Intel\Intel(R) Management Engine Components\DAL;C:\Program Files\Intel\Intel(R) Management Engine Components\DAL;C:\Program Files (x86)\Intel\Intel(R) Management Engine Components\IPT;C:\Program Files\Intel\Intel(R) Management Engine Components\IPT;C:\Program Files (x86)\NVIDIA Corporation\PhysX\Common;C:\Program Files\dotnet\;C:\Program Files\Microsoft SQL Server\130\Tools\Binn\;C:\WINDOWS\system32;C:\WINDOWS;C:\WINDOWS\System32\Wbem;C:\WINDOWS\System32\WindowsPowerShell\v1.0\;C:\WINDOWS\System32\OpenSSH\;C:\Program Files\Intel\WiFi\bin\;C:\Program Files\Common Files\Intel\WirelessCommon\;C:\Program Files\Git\cmd;C:\Program Files\nodejs\;C:\Users\정유진\AppData\Local\Programs\Python\Python310\Scripts\;C:\Users\정유진\AppData\Local\Programs\Python\Python310\;C:\Users\정유진\AppData\Local\Programs\Python\Python39\Scripts\;C:\Users\정유진\AppData\Local\Programs\Python\Python39\;C:\Users\정유진\AppData\Local\Programs\Python\Python37-32\Scripts\;C:\Users\정유진\AppData\Local\Programs\Python\Python37-32\;C:\Program Files\Intel\WiFi\bin\;C:\Program Files\Common Files\Intel\WirelessCommon\;C:\Users\정유진\AppData\Local\Microsoft\WindowsApps;;C:\Users\정유진\AppData\Roaming\npm;C:\Users\정유진\AppData\Local\Programs\Microsoft VS Code\bin;C:\Users\정유진\eclipse_new;
USERNAME=정유진
OS=Windows_NT
PROCESSOR_IDENTIFIER=Intel64 Family 6 Model 142 Stepping 10, GenuineIntel



---------------  S Y S T E M  ---------------

OS: Windows 10 , 64 bit Build 18362 (10.0.18362.1500)

CPU:total 8 (initial active 8) (4 cores per cpu, 2 threads per core) family 6 model 142 stepping 10, cmov, cx8, fxsr, mmx, sse, sse2, sse3, ssse3, sse4.1, sse4.2, popcnt, avx, avx2, aes, clmul, erms, 3dnowpref, lzcnt, ht, tsc, tscinvbit, bmi1, bmi2, adx

Memory: 4k page, physical 8268680k(409784k free), swap 33434504k(3772k free)

vm_info: Java HotSpot(TM) 64-Bit Server VM (25.341-b10) for windows-amd64 JRE (1.8.0_341-b10), built on Jun 16 2022 15:51:07 by "java_re" with MS VC++ 15.9 (VS2017)

time: Tue Oct 11 11:48:50 2022
timezone: 대한민국 표준시
elapsed time: 0.102682 seconds (0d 0h 0m 0s)

